<?xml version="1.0" encoding="UTF-8"?>
<!-- Generated by org.testng.reporters.JUnitReportReporter -->
<testsuite skipped="0" hostname="Anbalagan-KCPMC" name="com.demo.testng.LocationSearch" tests="3" failures="0" timestamp="23 Apr 2021 17:28:19 GMT" time="1.774" errors="0">
  <testcase name="test3" time="0.162" classname="com.demo.testng.LocationSearch"/>
  <testcase name="test1" time="1.478" classname="com.demo.testng.LocationSearch"/>
  <testcase name="test2" time="0.134" classname="com.demo.testng.LocationSearch"/>
</testsuite> <!-- com.demo.testng.LocationSearch -->
